[2025-12-07T23:02:42.720+0000] {taskinstance.py:1159} INFO - Dependencies all met for dep_context=non-requeueable deps ti=<TaskInstance: weather_data_pipeline.is_weather_api_conn_ready manual__2025-12-07T23:02:40.206823+00:00 [queued]>
[2025-12-07T23:02:42.739+0000] {taskinstance.py:1159} INFO - Dependencies all met for dep_context=requeueable deps ti=<TaskInstance: weather_data_pipeline.is_weather_api_conn_ready manual__2025-12-07T23:02:40.206823+00:00 [queued]>
[2025-12-07T23:02:42.739+0000] {taskinstance.py:1361} INFO - Starting attempt 1 of 2
[2025-12-07T23:02:42.765+0000] {taskinstance.py:1382} INFO - Executing <Task(HttpSensor): is_weather_api_conn_ready> on 2025-12-07 23:02:40.206823+00:00
[2025-12-07T23:02:42.778+0000] {standard_task_runner.py:57} INFO - Started process 3145 to run task
[2025-12-07T23:02:42.787+0000] {standard_task_runner.py:84} INFO - Running: ['***', 'tasks', 'run', 'weather_data_pipeline', 'is_weather_api_conn_ready', 'manual__2025-12-07T23:02:40.206823+00:00', '--job-id', '27', '--raw', '--subdir', 'DAGS_FOLDER/weather_dag.py', '--cfg-path', '/tmp/tmp03bs0x1b']
[2025-12-07T23:02:42.799+0000] {standard_task_runner.py:85} INFO - Job 27: Subtask is_weather_api_conn_ready
[2025-12-07T23:02:42.861+0000] {logging_mixin.py:154} WARNING - /home/***/.local/lib/python3.11/site-packages/***/settings.py:195 DeprecationWarning: The sql_alchemy_conn option in [core] has been moved to the sql_alchemy_conn option in [database] - the old setting has been used, but please update your config.
[2025-12-07T23:02:43.049+0000] {task_command.py:416} INFO - Running <TaskInstance: weather_data_pipeline.is_weather_api_conn_ready manual__2025-12-07T23:02:40.206823+00:00 [running]> on host 0f9d3bc81df5
[2025-12-07T23:02:43.502+0000] {taskinstance.py:1662} INFO - Exporting env vars: AIRFLOW_CTX_DAG_EMAIL='harish.techlance@gmail.com' AIRFLOW_CTX_DAG_OWNER='***' AIRFLOW_CTX_DAG_ID='weather_data_pipeline' AIRFLOW_CTX_TASK_ID='is_weather_api_conn_ready' AIRFLOW_CTX_EXECUTION_DATE='2025-12-07T23:02:40.206823+00:00' AIRFLOW_CTX_TRY_NUMBER='1' AIRFLOW_CTX_DAG_RUN_ID='manual__2025-12-07T23:02:40.206823+00:00'
[2025-12-07T23:02:43.506+0000] {http.py:130} INFO - Poking: data/2.5/weather?q=London,uk&APPID=***
[2025-12-07T23:02:43.569+0000] {base.py:73} INFO - Using connection ID 'weather_api_conn' for task execution.
[2025-12-07T23:02:43.729+0000] {http.py:178} ERROR - HTTP error: Unauthorized
[2025-12-07T23:02:43.730+0000] {http.py:179} ERROR - {"cod":401, "message": "Invalid API key. Please see https://openweathermap.org/faq#error401 for more info."}
[2025-12-07T23:02:43.796+0000] {taskinstance.py:1937} ERROR - Task failed with exception
Traceback (most recent call last):
  File "/home/airflow/.local/lib/python3.11/site-packages/airflow/providers/http/hooks/http.py", line 176, in check_response
    response.raise_for_status()
  File "/home/airflow/.local/lib/python3.11/site-packages/requests/models.py", line 1021, in raise_for_status
    raise HTTPError(http_error_msg, response=self)
requests.exceptions.HTTPError: 401 Client Error: Unauthorized for url: http://api.openweathermap.org/data/2.5/weather?q=London,uk&APPID=***

During handling of the above exception, another exception occurred:

Traceback (most recent call last):
  File "/home/airflow/.local/lib/python3.11/site-packages/airflow/sensors/base.py", line 257, in execute
    raise e
  File "/home/airflow/.local/lib/python3.11/site-packages/airflow/sensors/base.py", line 239, in execute
    poke_return = self.poke(context)
                  ^^^^^^^^^^^^^^^^^^
  File "/home/airflow/.local/lib/python3.11/site-packages/airflow/providers/http/sensors/http.py", line 148, in poke
    raise exc
  File "/home/airflow/.local/lib/python3.11/site-packages/airflow/providers/http/sensors/http.py", line 132, in poke
    response = hook.run(
               ^^^^^^^^^
  File "/home/airflow/.local/lib/python3.11/site-packages/airflow/providers/http/hooks/http.py", line 166, in run
    return self.run_and_check(session, prepped_request, extra_options)
           ^^^^^^^^^^^^^^^^^^^^^^^^^^^^^^^^^^^^^^^^^^^^^^^^^^^^^^^^^^^
  File "/home/airflow/.local/lib/python3.11/site-packages/airflow/providers/http/hooks/http.py", line 217, in run_and_check
    self.check_response(response)
  File "/home/airflow/.local/lib/python3.11/site-packages/airflow/providers/http/hooks/http.py", line 180, in check_response
    raise AirflowException(str(response.status_code) + ":" + response.reason)
airflow.exceptions.AirflowException: 401:Unauthorized
[2025-12-07T23:02:43.813+0000] {taskinstance.py:1400} INFO - Marking task as UP_FOR_RETRY. dag_id=weather_data_pipeline, task_id=is_weather_api_conn_ready, execution_date=20251207T230240, start_date=20251207T230242, end_date=20251207T230243
[2025-12-07T23:02:43.859+0000] {standard_task_runner.py:104} ERROR - Failed to execute job 27 for task is_weather_api_conn_ready (401:Unauthorized; 3145)
[2025-12-07T23:02:43.884+0000] {local_task_job_runner.py:228} INFO - Task exited with return code 1
[2025-12-07T23:02:44.016+0000] {taskinstance.py:2778} INFO - 0 downstream tasks scheduled from follow-on schedule check
