[2025-12-07T23:10:44.996+0000] {taskinstance.py:1159} INFO - Dependencies all met for dep_context=non-requeueable deps ti=<TaskInstance: parent_s3_file_monitor_dag.trigger_s3_to_redis_dag manual__2025-12-07T23:04:28.923185+00:00 [queued]>
[2025-12-07T23:10:45.014+0000] {taskinstance.py:1159} INFO - Dependencies all met for dep_context=requeueable deps ti=<TaskInstance: parent_s3_file_monitor_dag.trigger_s3_to_redis_dag manual__2025-12-07T23:04:28.923185+00:00 [queued]>
[2025-12-07T23:10:45.014+0000] {taskinstance.py:1361} INFO - Starting attempt 2 of 2
[2025-12-07T23:10:45.039+0000] {taskinstance.py:1382} INFO - Executing <Task(TriggerDagRunOperator): trigger_s3_to_redis_dag> on 2025-12-07 23:04:28.923185+00:00
[2025-12-07T23:10:45.048+0000] {standard_task_runner.py:57} INFO - Started process 3481 to run task
[2025-12-07T23:10:45.056+0000] {standard_task_runner.py:84} INFO - Running: ['***', 'tasks', 'run', 'parent_s3_file_monitor_dag', 'trigger_s3_to_redis_dag', 'manual__2025-12-07T23:04:28.923185+00:00', '--job-id', '58', '--raw', '--subdir', 'DAGS_FOLDER/parent_s3_file_monitor_dag.py', '--cfg-path', '/tmp/tmpmmtluxcb']
[2025-12-07T23:10:45.063+0000] {standard_task_runner.py:85} INFO - Job 58: Subtask trigger_s3_to_redis_dag
[2025-12-07T23:10:45.118+0000] {logging_mixin.py:154} WARNING - /home/***/.local/lib/python3.11/site-packages/***/settings.py:195 DeprecationWarning: The sql_alchemy_conn option in [core] has been moved to the sql_alchemy_conn option in [database] - the old setting has been used, but please update your config.
[2025-12-07T23:10:45.255+0000] {task_command.py:416} INFO - Running <TaskInstance: parent_s3_file_monitor_dag.trigger_s3_to_redis_dag manual__2025-12-07T23:04:28.923185+00:00 [running]> on host 0f9d3bc81df5
[2025-12-07T23:10:45.648+0000] {taskinstance.py:1662} INFO - Exporting env vars: AIRFLOW_CTX_DAG_EMAIL='harish.techlance@gmail.com' AIRFLOW_CTX_DAG_OWNER='***' AIRFLOW_CTX_DAG_ID='parent_s3_file_monitor_dag' AIRFLOW_CTX_TASK_ID='trigger_s3_to_redis_dag' AIRFLOW_CTX_EXECUTION_DATE='2025-12-07T23:04:28.923185+00:00' AIRFLOW_CTX_TRY_NUMBER='2' AIRFLOW_CTX_DAG_RUN_ID='manual__2025-12-07T23:04:28.923185+00:00'
[2025-12-07T23:10:46.088+0000] {trigger_dagrun.py:209} INFO - Waiting for s3_to_redis_data_pipeline on 2025-12-07T23:10:45.650441+00:00 to become allowed state ['success'] ...
[2025-12-07T23:10:56.146+0000] {trigger_dagrun.py:209} INFO - Waiting for s3_to_redis_data_pipeline on 2025-12-07T23:10:45.650441+00:00 to become allowed state ['success'] ...
[2025-12-07T23:11:06.202+0000] {trigger_dagrun.py:209} INFO - Waiting for s3_to_redis_data_pipeline on 2025-12-07T23:10:45.650441+00:00 to become allowed state ['success'] ...
[2025-12-07T23:11:16.259+0000] {trigger_dagrun.py:209} INFO - Waiting for s3_to_redis_data_pipeline on 2025-12-07T23:10:45.650441+00:00 to become allowed state ['success'] ...
[2025-12-07T23:11:26.316+0000] {trigger_dagrun.py:209} INFO - Waiting for s3_to_redis_data_pipeline on 2025-12-07T23:10:45.650441+00:00 to become allowed state ['success'] ...
[2025-12-07T23:11:36.374+0000] {trigger_dagrun.py:209} INFO - Waiting for s3_to_redis_data_pipeline on 2025-12-07T23:10:45.650441+00:00 to become allowed state ['success'] ...
[2025-12-07T23:11:46.431+0000] {trigger_dagrun.py:209} INFO - Waiting for s3_to_redis_data_pipeline on 2025-12-07T23:10:45.650441+00:00 to become allowed state ['success'] ...
[2025-12-07T23:11:56.487+0000] {trigger_dagrun.py:209} INFO - Waiting for s3_to_redis_data_pipeline on 2025-12-07T23:10:45.650441+00:00 to become allowed state ['success'] ...
[2025-12-07T23:12:06.542+0000] {trigger_dagrun.py:209} INFO - Waiting for s3_to_redis_data_pipeline on 2025-12-07T23:10:45.650441+00:00 to become allowed state ['success'] ...
[2025-12-07T23:12:16.598+0000] {trigger_dagrun.py:209} INFO - Waiting for s3_to_redis_data_pipeline on 2025-12-07T23:10:45.650441+00:00 to become allowed state ['success'] ...
[2025-12-07T23:12:26.654+0000] {trigger_dagrun.py:209} INFO - Waiting for s3_to_redis_data_pipeline on 2025-12-07T23:10:45.650441+00:00 to become allowed state ['success'] ...
[2025-12-07T23:12:36.710+0000] {trigger_dagrun.py:209} INFO - Waiting for s3_to_redis_data_pipeline on 2025-12-07T23:10:45.650441+00:00 to become allowed state ['success'] ...
[2025-12-07T23:12:46.767+0000] {trigger_dagrun.py:209} INFO - Waiting for s3_to_redis_data_pipeline on 2025-12-07T23:10:45.650441+00:00 to become allowed state ['success'] ...
[2025-12-07T23:12:56.824+0000] {trigger_dagrun.py:209} INFO - Waiting for s3_to_redis_data_pipeline on 2025-12-07T23:10:45.650441+00:00 to become allowed state ['success'] ...
[2025-12-07T23:13:06.881+0000] {trigger_dagrun.py:209} INFO - Waiting for s3_to_redis_data_pipeline on 2025-12-07T23:10:45.650441+00:00 to become allowed state ['success'] ...
[2025-12-07T23:13:16.937+0000] {trigger_dagrun.py:209} INFO - Waiting for s3_to_redis_data_pipeline on 2025-12-07T23:10:45.650441+00:00 to become allowed state ['success'] ...
[2025-12-07T23:13:26.995+0000] {trigger_dagrun.py:209} INFO - Waiting for s3_to_redis_data_pipeline on 2025-12-07T23:10:45.650441+00:00 to become allowed state ['success'] ...
[2025-12-07T23:13:37.044+0000] {trigger_dagrun.py:209} INFO - Waiting for s3_to_redis_data_pipeline on 2025-12-07T23:10:45.650441+00:00 to become allowed state ['success'] ...
[2025-12-07T23:13:47.101+0000] {trigger_dagrun.py:209} INFO - Waiting for s3_to_redis_data_pipeline on 2025-12-07T23:10:45.650441+00:00 to become allowed state ['success'] ...
[2025-12-07T23:13:57.156+0000] {trigger_dagrun.py:209} INFO - Waiting for s3_to_redis_data_pipeline on 2025-12-07T23:10:45.650441+00:00 to become allowed state ['success'] ...
[2025-12-07T23:14:07.213+0000] {trigger_dagrun.py:209} INFO - Waiting for s3_to_redis_data_pipeline on 2025-12-07T23:10:45.650441+00:00 to become allowed state ['success'] ...
[2025-12-07T23:14:17.269+0000] {trigger_dagrun.py:209} INFO - Waiting for s3_to_redis_data_pipeline on 2025-12-07T23:10:45.650441+00:00 to become allowed state ['success'] ...
[2025-12-07T23:14:27.326+0000] {trigger_dagrun.py:209} INFO - Waiting for s3_to_redis_data_pipeline on 2025-12-07T23:10:45.650441+00:00 to become allowed state ['success'] ...
[2025-12-07T23:14:37.380+0000] {trigger_dagrun.py:209} INFO - Waiting for s3_to_redis_data_pipeline on 2025-12-07T23:10:45.650441+00:00 to become allowed state ['success'] ...
[2025-12-07T23:14:47.437+0000] {trigger_dagrun.py:209} INFO - Waiting for s3_to_redis_data_pipeline on 2025-12-07T23:10:45.650441+00:00 to become allowed state ['success'] ...
[2025-12-07T23:14:57.492+0000] {trigger_dagrun.py:209} INFO - Waiting for s3_to_redis_data_pipeline on 2025-12-07T23:10:45.650441+00:00 to become allowed state ['success'] ...
[2025-12-07T23:15:07.579+0000] {taskinstance.py:1937} ERROR - Task failed with exception
Traceback (most recent call last):
  File "/home/airflow/.local/lib/python3.11/site-packages/airflow/operators/trigger_dagrun.py", line 220, in execute
    raise AirflowException(f"{self.trigger_dag_id} failed with failed states {state}")
airflow.exceptions.AirflowException: s3_to_redis_data_pipeline failed with failed states failed
[2025-12-07T23:15:07.584+0000] {taskinstance.py:1400} INFO - Marking task as FAILED. dag_id=parent_s3_file_monitor_dag, task_id=trigger_s3_to_redis_dag, execution_date=20251207T230428, start_date=20251207T231044, end_date=20251207T231507
[2025-12-07T23:15:07.626+0000] {logging_mixin.py:154} WARNING - /home/***/.local/lib/python3.11/site-packages/***/utils/email.py:154 RemovedInAirflow3Warning: Fetching SMTP credentials from configuration variables will be deprecated in a future release. Please set credentials using a connection instead.
[2025-12-07T23:15:07.626+0000] {configuration.py:1050} WARNING - section/key [smtp/smtp_user] not found in config
[2025-12-07T23:15:07.626+0000] {email.py:270} INFO - Email alerting: attempt 1
[2025-12-07T23:15:07.658+0000] {configuration.py:1050} WARNING - section/key [smtp/smtp_user] not found in config
[2025-12-07T23:15:07.658+0000] {email.py:270} INFO - Email alerting: attempt 1
[2025-12-07T23:15:07.659+0000] {taskinstance.py:2007} ERROR - Failed to send email to: ['harish.techlance@gmail.com']
Traceback (most recent call last):
  File "/home/airflow/.local/lib/python3.11/site-packages/airflow/models/taskinstance.py", line 1518, in _run_raw_task
    self._execute_task_with_callbacks(context, test_mode, session=session)
  File "/home/airflow/.local/lib/python3.11/site-packages/airflow/models/taskinstance.py", line 1681, in _execute_task_with_callbacks
    result = self._execute_task(context, task_orig)
             ^^^^^^^^^^^^^^^^^^^^^^^^^^^^^^^^^^^^^^
  File "/home/airflow/.local/lib/python3.11/site-packages/airflow/models/taskinstance.py", line 1744, in _execute_task
    result = execute_callable(context=context, **execute_callable_kwargs)
             ^^^^^^^^^^^^^^^^^^^^^^^^^^^^^^^^^^^^^^^^^^^^^^^^^^^^^^^^^^^^
  File "/home/airflow/.local/lib/python3.11/site-packages/airflow/operators/trigger_dagrun.py", line 220, in execute
    raise AirflowException(f"{self.trigger_dag_id} failed with failed states {state}")
airflow.exceptions.AirflowException: s3_to_redis_data_pipeline failed with failed states failed

During handling of the above exception, another exception occurred:

Traceback (most recent call last):
  File "/home/airflow/.local/lib/python3.11/site-packages/airflow/models/taskinstance.py", line 2420, in email_alert
    send_email(task.email, subject, html_content)
  File "/home/airflow/.local/lib/python3.11/site-packages/airflow/utils/email.py", line 80, in send_email
    return backend(
           ^^^^^^^^
  File "/home/airflow/.local/lib/python3.11/site-packages/airflow/utils/email.py", line 154, in send_email_smtp
    send_mime_email(e_from=mail_from, e_to=recipients, mime_msg=msg, conn_id=conn_id, dryrun=dryrun)
  File "/home/airflow/.local/lib/python3.11/site-packages/airflow/utils/email.py", line 272, in send_mime_email
    smtp_conn = _get_smtp_connection(smtp_host, smtp_port, smtp_timeout, smtp_ssl)
                ^^^^^^^^^^^^^^^^^^^^^^^^^^^^^^^^^^^^^^^^^^^^^^^^^^^^^^^^^^^^^^^^^^
  File "/home/airflow/.local/lib/python3.11/site-packages/airflow/utils/email.py", line 316, in _get_smtp_connection
    return smtplib.SMTP(host=host, port=port, timeout=timeout)
           ^^^^^^^^^^^^^^^^^^^^^^^^^^^^^^^^^^^^^^^^^^^^^^^^^^^
  File "/usr/local/lib/python3.11/smtplib.py", line 255, in __init__
    (code, msg) = self.connect(host, port)
                  ^^^^^^^^^^^^^^^^^^^^^^^^
  File "/usr/local/lib/python3.11/smtplib.py", line 341, in connect
    self.sock = self._get_socket(host, port, self.timeout)
                ^^^^^^^^^^^^^^^^^^^^^^^^^^^^^^^^^^^^^^^^^^
  File "/usr/local/lib/python3.11/smtplib.py", line 312, in _get_socket
    return socket.create_connection((host, port), timeout,
           ^^^^^^^^^^^^^^^^^^^^^^^^^^^^^^^^^^^^^^^^^^^^^^^
  File "/usr/local/lib/python3.11/socket.py", line 851, in create_connection
    raise exceptions[0]
  File "/usr/local/lib/python3.11/socket.py", line 836, in create_connection
    sock.connect(sa)
ConnectionRefusedError: [Errno 111] Connection refused

During handling of the above exception, another exception occurred:

Traceback (most recent call last):
  File "/home/airflow/.local/lib/python3.11/site-packages/airflow/models/taskinstance.py", line 2005, in handle_failure
    self.email_alert(error, task)
  File "/home/airflow/.local/lib/python3.11/site-packages/airflow/models/taskinstance.py", line 2422, in email_alert
    send_email(task.email, subject, html_content_err)
  File "/home/airflow/.local/lib/python3.11/site-packages/airflow/utils/email.py", line 80, in send_email
    return backend(
           ^^^^^^^^
  File "/home/airflow/.local/lib/python3.11/site-packages/airflow/utils/email.py", line 154, in send_email_smtp
    send_mime_email(e_from=mail_from, e_to=recipients, mime_msg=msg, conn_id=conn_id, dryrun=dryrun)
  File "/home/airflow/.local/lib/python3.11/site-packages/airflow/utils/email.py", line 272, in send_mime_email
    smtp_conn = _get_smtp_connection(smtp_host, smtp_port, smtp_timeout, smtp_ssl)
                ^^^^^^^^^^^^^^^^^^^^^^^^^^^^^^^^^^^^^^^^^^^^^^^^^^^^^^^^^^^^^^^^^^
  File "/home/airflow/.local/lib/python3.11/site-packages/airflow/utils/email.py", line 316, in _get_smtp_connection
    return smtplib.SMTP(host=host, port=port, timeout=timeout)
           ^^^^^^^^^^^^^^^^^^^^^^^^^^^^^^^^^^^^^^^^^^^^^^^^^^^
  File "/usr/local/lib/python3.11/smtplib.py", line 255, in __init__
    (code, msg) = self.connect(host, port)
                  ^^^^^^^^^^^^^^^^^^^^^^^^
  File "/usr/local/lib/python3.11/smtplib.py", line 341, in connect
    self.sock = self._get_socket(host, port, self.timeout)
                ^^^^^^^^^^^^^^^^^^^^^^^^^^^^^^^^^^^^^^^^^^
  File "/usr/local/lib/python3.11/smtplib.py", line 312, in _get_socket
    return socket.create_connection((host, port), timeout,
           ^^^^^^^^^^^^^^^^^^^^^^^^^^^^^^^^^^^^^^^^^^^^^^^
  File "/usr/local/lib/python3.11/socket.py", line 851, in create_connection
    raise exceptions[0]
  File "/usr/local/lib/python3.11/socket.py", line 836, in create_connection
    sock.connect(sa)
ConnectionRefusedError: [Errno 111] Connection refused
[2025-12-07T23:15:07.712+0000] {standard_task_runner.py:104} ERROR - Failed to execute job 58 for task trigger_s3_to_redis_dag (s3_to_redis_data_pipeline failed with failed states failed; 3481)
[2025-12-07T23:15:07.746+0000] {local_task_job_runner.py:228} INFO - Task exited with return code 1
[2025-12-07T23:15:07.905+0000] {taskinstance.py:2778} INFO - 0 downstream tasks scheduled from follow-on schedule check
