[2025-12-07T23:10:39.205+0000] {taskinstance.py:1159} INFO - Dependencies all met for dep_context=non-requeueable deps ti=<TaskInstance: parent_s3_file_monitor_dag.trigger_s3_to_redis_dag scheduled__2025-12-07T23:00:00+00:00 [queued]>
[2025-12-07T23:10:39.230+0000] {taskinstance.py:1159} INFO - Dependencies all met for dep_context=requeueable deps ti=<TaskInstance: parent_s3_file_monitor_dag.trigger_s3_to_redis_dag scheduled__2025-12-07T23:00:00+00:00 [queued]>
[2025-12-07T23:10:39.231+0000] {taskinstance.py:1361} INFO - Starting attempt 2 of 2
[2025-12-07T23:10:39.265+0000] {taskinstance.py:1382} INFO - Executing <Task(TriggerDagRunOperator): trigger_s3_to_redis_dag> on 2025-12-07 23:00:00+00:00
[2025-12-07T23:10:39.277+0000] {standard_task_runner.py:57} INFO - Started process 3474 to run task
[2025-12-07T23:10:39.291+0000] {standard_task_runner.py:84} INFO - Running: ['***', 'tasks', 'run', 'parent_s3_file_monitor_dag', 'trigger_s3_to_redis_dag', 'scheduled__2025-12-07T23:00:00+00:00', '--job-id', '56', '--raw', '--subdir', 'DAGS_FOLDER/parent_s3_file_monitor_dag.py', '--cfg-path', '/tmp/tmpunm_ct6d']
[2025-12-07T23:10:39.304+0000] {standard_task_runner.py:85} INFO - Job 56: Subtask trigger_s3_to_redis_dag
[2025-12-07T23:10:39.387+0000] {logging_mixin.py:154} WARNING - /home/***/.local/lib/python3.11/site-packages/***/settings.py:195 DeprecationWarning: The sql_alchemy_conn option in [core] has been moved to the sql_alchemy_conn option in [database] - the old setting has been used, but please update your config.
[2025-12-07T23:10:39.588+0000] {task_command.py:416} INFO - Running <TaskInstance: parent_s3_file_monitor_dag.trigger_s3_to_redis_dag scheduled__2025-12-07T23:00:00+00:00 [running]> on host 0f9d3bc81df5
[2025-12-07T23:10:39.995+0000] {taskinstance.py:1662} INFO - Exporting env vars: AIRFLOW_CTX_DAG_EMAIL='harish.techlance@gmail.com' AIRFLOW_CTX_DAG_OWNER='***' AIRFLOW_CTX_DAG_ID='parent_s3_file_monitor_dag' AIRFLOW_CTX_TASK_ID='trigger_s3_to_redis_dag' AIRFLOW_CTX_EXECUTION_DATE='2025-12-07T23:00:00+00:00' AIRFLOW_CTX_TRY_NUMBER='2' AIRFLOW_CTX_DAG_RUN_ID='scheduled__2025-12-07T23:00:00+00:00'
[2025-12-07T23:10:40.411+0000] {trigger_dagrun.py:209} INFO - Waiting for s3_to_redis_data_pipeline on 2025-12-07T23:10:39.996806+00:00 to become allowed state ['success'] ...
[2025-12-07T23:10:50.472+0000] {trigger_dagrun.py:209} INFO - Waiting for s3_to_redis_data_pipeline on 2025-12-07T23:10:39.996806+00:00 to become allowed state ['success'] ...
[2025-12-07T23:11:00.526+0000] {trigger_dagrun.py:209} INFO - Waiting for s3_to_redis_data_pipeline on 2025-12-07T23:10:39.996806+00:00 to become allowed state ['success'] ...
[2025-12-07T23:11:10.582+0000] {trigger_dagrun.py:209} INFO - Waiting for s3_to_redis_data_pipeline on 2025-12-07T23:10:39.996806+00:00 to become allowed state ['success'] ...
[2025-12-07T23:11:20.638+0000] {trigger_dagrun.py:209} INFO - Waiting for s3_to_redis_data_pipeline on 2025-12-07T23:10:39.996806+00:00 to become allowed state ['success'] ...
[2025-12-07T23:11:30.695+0000] {trigger_dagrun.py:209} INFO - Waiting for s3_to_redis_data_pipeline on 2025-12-07T23:10:39.996806+00:00 to become allowed state ['success'] ...
[2025-12-07T23:11:40.751+0000] {trigger_dagrun.py:209} INFO - Waiting for s3_to_redis_data_pipeline on 2025-12-07T23:10:39.996806+00:00 to become allowed state ['success'] ...
[2025-12-07T23:11:50.807+0000] {trigger_dagrun.py:209} INFO - Waiting for s3_to_redis_data_pipeline on 2025-12-07T23:10:39.996806+00:00 to become allowed state ['success'] ...
[2025-12-07T23:12:00.867+0000] {trigger_dagrun.py:209} INFO - Waiting for s3_to_redis_data_pipeline on 2025-12-07T23:10:39.996806+00:00 to become allowed state ['success'] ...
[2025-12-07T23:12:10.924+0000] {trigger_dagrun.py:209} INFO - Waiting for s3_to_redis_data_pipeline on 2025-12-07T23:10:39.996806+00:00 to become allowed state ['success'] ...
[2025-12-07T23:12:20.981+0000] {trigger_dagrun.py:209} INFO - Waiting for s3_to_redis_data_pipeline on 2025-12-07T23:10:39.996806+00:00 to become allowed state ['success'] ...
[2025-12-07T23:12:31.048+0000] {trigger_dagrun.py:209} INFO - Waiting for s3_to_redis_data_pipeline on 2025-12-07T23:10:39.996806+00:00 to become allowed state ['success'] ...
[2025-12-07T23:12:41.097+0000] {trigger_dagrun.py:209} INFO - Waiting for s3_to_redis_data_pipeline on 2025-12-07T23:10:39.996806+00:00 to become allowed state ['success'] ...
[2025-12-07T23:12:51.153+0000] {trigger_dagrun.py:209} INFO - Waiting for s3_to_redis_data_pipeline on 2025-12-07T23:10:39.996806+00:00 to become allowed state ['success'] ...
[2025-12-07T23:13:01.192+0000] {trigger_dagrun.py:209} INFO - Waiting for s3_to_redis_data_pipeline on 2025-12-07T23:10:39.996806+00:00 to become allowed state ['success'] ...
[2025-12-07T23:13:11.248+0000] {trigger_dagrun.py:209} INFO - Waiting for s3_to_redis_data_pipeline on 2025-12-07T23:10:39.996806+00:00 to become allowed state ['success'] ...
[2025-12-07T23:13:21.305+0000] {trigger_dagrun.py:209} INFO - Waiting for s3_to_redis_data_pipeline on 2025-12-07T23:10:39.996806+00:00 to become allowed state ['success'] ...
[2025-12-07T23:13:31.360+0000] {trigger_dagrun.py:209} INFO - Waiting for s3_to_redis_data_pipeline on 2025-12-07T23:10:39.996806+00:00 to become allowed state ['success'] ...
[2025-12-07T23:13:41.416+0000] {trigger_dagrun.py:209} INFO - Waiting for s3_to_redis_data_pipeline on 2025-12-07T23:10:39.996806+00:00 to become allowed state ['success'] ...
[2025-12-07T23:13:51.472+0000] {trigger_dagrun.py:209} INFO - Waiting for s3_to_redis_data_pipeline on 2025-12-07T23:10:39.996806+00:00 to become allowed state ['success'] ...
[2025-12-07T23:14:01.529+0000] {trigger_dagrun.py:209} INFO - Waiting for s3_to_redis_data_pipeline on 2025-12-07T23:10:39.996806+00:00 to become allowed state ['success'] ...
[2025-12-07T23:14:11.584+0000] {trigger_dagrun.py:209} INFO - Waiting for s3_to_redis_data_pipeline on 2025-12-07T23:10:39.996806+00:00 to become allowed state ['success'] ...
[2025-12-07T23:14:21.642+0000] {trigger_dagrun.py:209} INFO - Waiting for s3_to_redis_data_pipeline on 2025-12-07T23:10:39.996806+00:00 to become allowed state ['success'] ...
[2025-12-07T23:14:31.682+0000] {trigger_dagrun.py:209} INFO - Waiting for s3_to_redis_data_pipeline on 2025-12-07T23:10:39.996806+00:00 to become allowed state ['success'] ...
[2025-12-07T23:14:41.738+0000] {trigger_dagrun.py:209} INFO - Waiting for s3_to_redis_data_pipeline on 2025-12-07T23:10:39.996806+00:00 to become allowed state ['success'] ...
[2025-12-07T23:14:51.798+0000] {trigger_dagrun.py:209} INFO - Waiting for s3_to_redis_data_pipeline on 2025-12-07T23:10:39.996806+00:00 to become allowed state ['success'] ...
[2025-12-07T23:15:01.942+0000] {taskinstance.py:1937} ERROR - Task failed with exception
Traceback (most recent call last):
  File "/home/airflow/.local/lib/python3.11/site-packages/airflow/operators/trigger_dagrun.py", line 220, in execute
    raise AirflowException(f"{self.trigger_dag_id} failed with failed states {state}")
airflow.exceptions.AirflowException: s3_to_redis_data_pipeline failed with failed states failed
[2025-12-07T23:15:01.956+0000] {taskinstance.py:1400} INFO - Marking task as FAILED. dag_id=parent_s3_file_monitor_dag, task_id=trigger_s3_to_redis_dag, execution_date=20251207T230000, start_date=20251207T231039, end_date=20251207T231501
[2025-12-07T23:15:02.031+0000] {logging_mixin.py:154} WARNING - /home/***/.local/lib/python3.11/site-packages/***/utils/email.py:154 RemovedInAirflow3Warning: Fetching SMTP credentials from configuration variables will be deprecated in a future release. Please set credentials using a connection instead.
[2025-12-07T23:15:02.032+0000] {configuration.py:1050} WARNING - section/key [smtp/smtp_user] not found in config
[2025-12-07T23:15:02.033+0000] {email.py:270} INFO - Email alerting: attempt 1
[2025-12-07T23:15:02.089+0000] {configuration.py:1050} WARNING - section/key [smtp/smtp_user] not found in config
[2025-12-07T23:15:02.090+0000] {email.py:270} INFO - Email alerting: attempt 1
[2025-12-07T23:15:02.092+0000] {taskinstance.py:2007} ERROR - Failed to send email to: ['harish.techlance@gmail.com']
Traceback (most recent call last):
  File "/home/airflow/.local/lib/python3.11/site-packages/airflow/models/taskinstance.py", line 1518, in _run_raw_task
    self._execute_task_with_callbacks(context, test_mode, session=session)
  File "/home/airflow/.local/lib/python3.11/site-packages/airflow/models/taskinstance.py", line 1681, in _execute_task_with_callbacks
    result = self._execute_task(context, task_orig)
             ^^^^^^^^^^^^^^^^^^^^^^^^^^^^^^^^^^^^^^
  File "/home/airflow/.local/lib/python3.11/site-packages/airflow/models/taskinstance.py", line 1744, in _execute_task
    result = execute_callable(context=context, **execute_callable_kwargs)
             ^^^^^^^^^^^^^^^^^^^^^^^^^^^^^^^^^^^^^^^^^^^^^^^^^^^^^^^^^^^^
  File "/home/airflow/.local/lib/python3.11/site-packages/airflow/operators/trigger_dagrun.py", line 220, in execute
    raise AirflowException(f"{self.trigger_dag_id} failed with failed states {state}")
airflow.exceptions.AirflowException: s3_to_redis_data_pipeline failed with failed states failed

During handling of the above exception, another exception occurred:

Traceback (most recent call last):
  File "/home/airflow/.local/lib/python3.11/site-packages/airflow/models/taskinstance.py", line 2420, in email_alert
    send_email(task.email, subject, html_content)
  File "/home/airflow/.local/lib/python3.11/site-packages/airflow/utils/email.py", line 80, in send_email
    return backend(
           ^^^^^^^^
  File "/home/airflow/.local/lib/python3.11/site-packages/airflow/utils/email.py", line 154, in send_email_smtp
    send_mime_email(e_from=mail_from, e_to=recipients, mime_msg=msg, conn_id=conn_id, dryrun=dryrun)
  File "/home/airflow/.local/lib/python3.11/site-packages/airflow/utils/email.py", line 272, in send_mime_email
    smtp_conn = _get_smtp_connection(smtp_host, smtp_port, smtp_timeout, smtp_ssl)
                ^^^^^^^^^^^^^^^^^^^^^^^^^^^^^^^^^^^^^^^^^^^^^^^^^^^^^^^^^^^^^^^^^^
  File "/home/airflow/.local/lib/python3.11/site-packages/airflow/utils/email.py", line 316, in _get_smtp_connection
    return smtplib.SMTP(host=host, port=port, timeout=timeout)
           ^^^^^^^^^^^^^^^^^^^^^^^^^^^^^^^^^^^^^^^^^^^^^^^^^^^
  File "/usr/local/lib/python3.11/smtplib.py", line 255, in __init__
    (code, msg) = self.connect(host, port)
                  ^^^^^^^^^^^^^^^^^^^^^^^^
  File "/usr/local/lib/python3.11/smtplib.py", line 341, in connect
    self.sock = self._get_socket(host, port, self.timeout)
                ^^^^^^^^^^^^^^^^^^^^^^^^^^^^^^^^^^^^^^^^^^
  File "/usr/local/lib/python3.11/smtplib.py", line 312, in _get_socket
    return socket.create_connection((host, port), timeout,
           ^^^^^^^^^^^^^^^^^^^^^^^^^^^^^^^^^^^^^^^^^^^^^^^
  File "/usr/local/lib/python3.11/socket.py", line 851, in create_connection
    raise exceptions[0]
  File "/usr/local/lib/python3.11/socket.py", line 836, in create_connection
    sock.connect(sa)
ConnectionRefusedError: [Errno 111] Connection refused

During handling of the above exception, another exception occurred:

Traceback (most recent call last):
  File "/home/airflow/.local/lib/python3.11/site-packages/airflow/models/taskinstance.py", line 2005, in handle_failure
    self.email_alert(error, task)
  File "/home/airflow/.local/lib/python3.11/site-packages/airflow/models/taskinstance.py", line 2422, in email_alert
    send_email(task.email, subject, html_content_err)
  File "/home/airflow/.local/lib/python3.11/site-packages/airflow/utils/email.py", line 80, in send_email
    return backend(
           ^^^^^^^^
  File "/home/airflow/.local/lib/python3.11/site-packages/airflow/utils/email.py", line 154, in send_email_smtp
    send_mime_email(e_from=mail_from, e_to=recipients, mime_msg=msg, conn_id=conn_id, dryrun=dryrun)
  File "/home/airflow/.local/lib/python3.11/site-packages/airflow/utils/email.py", line 272, in send_mime_email
    smtp_conn = _get_smtp_connection(smtp_host, smtp_port, smtp_timeout, smtp_ssl)
                ^^^^^^^^^^^^^^^^^^^^^^^^^^^^^^^^^^^^^^^^^^^^^^^^^^^^^^^^^^^^^^^^^^
  File "/home/airflow/.local/lib/python3.11/site-packages/airflow/utils/email.py", line 316, in _get_smtp_connection
    return smtplib.SMTP(host=host, port=port, timeout=timeout)
           ^^^^^^^^^^^^^^^^^^^^^^^^^^^^^^^^^^^^^^^^^^^^^^^^^^^
  File "/usr/local/lib/python3.11/smtplib.py", line 255, in __init__
    (code, msg) = self.connect(host, port)
                  ^^^^^^^^^^^^^^^^^^^^^^^^
  File "/usr/local/lib/python3.11/smtplib.py", line 341, in connect
    self.sock = self._get_socket(host, port, self.timeout)
                ^^^^^^^^^^^^^^^^^^^^^^^^^^^^^^^^^^^^^^^^^^
  File "/usr/local/lib/python3.11/smtplib.py", line 312, in _get_socket
    return socket.create_connection((host, port), timeout,
           ^^^^^^^^^^^^^^^^^^^^^^^^^^^^^^^^^^^^^^^^^^^^^^^
  File "/usr/local/lib/python3.11/socket.py", line 851, in create_connection
    raise exceptions[0]
  File "/usr/local/lib/python3.11/socket.py", line 836, in create_connection
    sock.connect(sa)
ConnectionRefusedError: [Errno 111] Connection refused
[2025-12-07T23:15:02.211+0000] {standard_task_runner.py:104} ERROR - Failed to execute job 56 for task trigger_s3_to_redis_dag (s3_to_redis_data_pipeline failed with failed states failed; 3474)
[2025-12-07T23:15:02.249+0000] {local_task_job_runner.py:228} INFO - Task exited with return code 1
[2025-12-07T23:15:02.386+0000] {taskinstance.py:2778} INFO - 0 downstream tasks scheduled from follow-on schedule check
